<?xml version="1.0" encoding="UTF-8"?>
<!-- Generated by org.testng.reporters.JUnitReportReporter -->
<testsuite skipped="0" hostname="Akshay-desktop" name="com.imm.qa.testcases.CategoryDashboardTest" tests="1" failures="0" timestamp="24 Aug 2018 11:45:03 GMT" time="35.297" errors="0">
  <testcase name="verifyCategoryPageLabelTest" time="35.297" classname="com.imm.qa.testcases.CategoryDashboardTest"/>
</testsuite> <!-- com.imm.qa.testcases.CategoryDashboardTest -->
