<?xml version="1.0" encoding="UTF-8"?>
<!-- Generated by org.testng.reporters.JUnitReportReporter -->
<testsuite skipped="0" hostname="Akshay-desktop" name="com.imm.qa.testcases.HomePageTest" tests="1" failures="0" timestamp="27 Aug 2018 07:52:28 GMT" time="20.125" errors="0">
  <testcase name="verifyDeleteCollectionLinkTest" time="20.125" classname="com.imm.qa.testcases.HomePageTest"/>
</testsuite> <!-- com.imm.qa.testcases.HomePageTest -->
