<?xml version="1.0" encoding="UTF-8"?>
<!-- Generated by org.testng.reporters.JUnitReportReporter -->
<testsuite skipped="0" hostname="Akshay-desktop" name="com.imm.qa.testcases.LoginPageTest" tests="3" failures="0" timestamp="27 Aug 2018 06:41:18 GMT" time="34.734" errors="0">
  <testcase name="loginPageTitleTest" time="7.880" classname="com.imm.qa.testcases.LoginPageTest"/>
  <testcase name="immLogoImageTest" time="15.992" classname="com.imm.qa.testcases.LoginPageTest"/>
  <testcase name="loginTest" time="10.862" classname="com.imm.qa.testcases.LoginPageTest"/>
</testsuite> <!-- com.imm.qa.testcases.LoginPageTest -->
