<?xml version="1.0" encoding="UTF-8"?>
<!-- Generated by org.testng.reporters.JUnitReportReporter -->
<testsuite skipped="0" hostname="Akshay-desktop" name="com.imm.qa.testcases.LoginPageTest" tests="3" failures="0" timestamp="22 Aug 2018 13:21:34 GMT" time="41.040" errors="0">
  <testcase name="loginPageTitleTest" time="6.267" classname="com.imm.qa.testcases.LoginPageTest"/>
  <testcase name="immLogoImageTest" time="21.807" classname="com.imm.qa.testcases.LoginPageTest"/>
  <testcase name="loginTest" time="12.966" classname="com.imm.qa.testcases.LoginPageTest"/>
</testsuite> <!-- com.imm.qa.testcases.LoginPageTest -->
