<?xml version="1.0" encoding="UTF-8"?>
<!-- Generated by org.testng.reporters.JUnitReportReporter -->
<testsuite skipped="0" hostname="Akshay-desktop" name="com.imm.qa.testcases.CategoryDashboardTest" tests="2" failures="0" timestamp="27 Aug 2018 06:41:18 GMT" time="66.565" errors="0">
  <testcase name="verifyCategoryPageLabelTest" time="37.440" classname="com.imm.qa.testcases.CategoryDashboardTest"/>
  <testcase name="verifyClickOnCategoryTest" time="29.125" classname="com.imm.qa.testcases.CategoryDashboardTest"/>
</testsuite> <!-- com.imm.qa.testcases.CategoryDashboardTest -->
