<?xml version="1.0" encoding="UTF-8"?>
<!-- Generated by org.testng.reporters.JUnitReportReporter -->
<testsuite skipped="0" hostname="Akshay-desktop" name="com.imm.qa.testcases.HomePageTest" tests="3" failures="0" timestamp="23 Aug 2018 11:00:48 GMT" time="78.215" errors="0">
  <testcase name="verifyHomePageTitleTest" time="15.257" classname="com.imm.qa.testcases.HomePageTest"/>
  <testcase name="verifyUserNameTest" time="37.268" classname="com.imm.qa.testcases.HomePageTest"/>
  <testcase name="verifyCategoriesLinkTest" time="25.690" classname="com.imm.qa.testcases.HomePageTest"/>
</testsuite> <!-- com.imm.qa.testcases.HomePageTest -->
