<?xml version="1.0" encoding="UTF-8"?>
<!-- Generated by org.testng.reporters.JUnitReportReporter -->
<testsuite skipped="0" hostname="Akshay-desktop" name="com.imm.qa.testcases.LoginPageTest" tests="3" failures="0" timestamp="16 Aug 2018 10:59:08 GMT" time="35.542" errors="0">
  <testcase name="loginPageTitleTest" time="8.338" classname="com.imm.qa.testcases.LoginPageTest"/>
  <testcase name="immLogoImageTest" time="13.045" classname="com.imm.qa.testcases.LoginPageTest"/>
  <testcase name="loginTest" time="14.159" classname="com.imm.qa.testcases.LoginPageTest"/>
</testsuite> <!-- com.imm.qa.testcases.LoginPageTest -->
