<?xml version="1.0" encoding="UTF-8"?>
<!-- Generated by org.testng.reporters.JUnitReportReporter -->
<testsuite skipped="0" hostname="Akshay-desktop" name="com.imm.qa.testcases.LoginPageTest" tests="2" failures="0" timestamp="24 Aug 2018 11:45:03 GMT" time="27.104" errors="0">
  <testcase name="loginPageTitleTest" time="7.433" classname="com.imm.qa.testcases.LoginPageTest"/>
  <testcase name="immLogoImageTest" time="19.671" classname="com.imm.qa.testcases.LoginPageTest"/>
</testsuite> <!-- com.imm.qa.testcases.LoginPageTest -->
